<?xml version="1.0" encoding="UTF-8"?>
<robot generator="Robot 6.0.2 (Python 3.11.2 on win32)" generated="20230218 17:20:56.473" rpa="false" schemaversion="3">
<suite id="s1" name="Test" source="C:\Users\hp\Desktop\Robot_Tutorial\test.robot">
<test id="s1-t1" name="1" line="10">
<kw name="LoginTest">
<arg>Admin</arg>
<arg>admin123</arg>
<kw name="Open Browser" library="SeleniumLibrary">
<arg>${URL}</arg>
<arg>Chrome</arg>
<doc>Opens a new browser instance to the optional ``url``.</doc>
<msg timestamp="20230218 17:20:56.664" level="INFO">Opening browser 'Chrome' to base url 'https://opensource-demo.orangehrmlive.com/web/index.php/auth/login'.</msg>
<status status="PASS" starttime="20230218 17:20:56.664" endtime="20230218 17:21:12.478"/>
</kw>
<kw name="Maximize Browser Window" library="SeleniumLibrary">
<doc>Maximizes current browser window.</doc>
<status status="PASS" starttime="20230218 17:21:12.479" endtime="20230218 17:21:12.639"/>
</kw>
<kw name="Sleep" library="BuiltIn">
<arg>5s</arg>
<doc>Pauses the test executed for the given time.</doc>
<msg timestamp="20230218 17:21:17.640" level="INFO">Slept 5 seconds</msg>
<status status="PASS" starttime="20230218 17:21:12.639" endtime="20230218 17:21:17.640"/>
</kw>
<kw name="Input Text" library="SeleniumLibrary">
<arg>name=username</arg>
<arg>${Username}</arg>
<doc>Types the given ``text`` into the text field identified by ``locator``.</doc>
<msg timestamp="20230218 17:21:17.640" level="INFO">Typing text 'Admin' into text field 'name=username'.</msg>
<status status="PASS" starttime="20230218 17:21:17.640" endtime="20230218 17:21:17.704"/>
</kw>
<kw name="Sleep" library="BuiltIn">
<arg>5s</arg>
<doc>Pauses the test executed for the given time.</doc>
<msg timestamp="20230218 17:21:22.705" level="INFO">Slept 5 seconds</msg>
<status status="PASS" starttime="20230218 17:21:17.704" endtime="20230218 17:21:22.705"/>
</kw>
<kw name="Input Text" library="SeleniumLibrary">
<arg>name=password</arg>
<arg>${Password}</arg>
<doc>Types the given ``text`` into the text field identified by ``locator``.</doc>
<msg timestamp="20230218 17:21:22.706" level="INFO">Typing text 'admin123' into text field 'name=password'.</msg>
<status status="PASS" starttime="20230218 17:21:22.705" endtime="20230218 17:21:22.802"/>
</kw>
<kw name="Sleep" library="BuiltIn">
<arg>5s</arg>
<doc>Pauses the test executed for the given time.</doc>
<msg timestamp="20230218 17:21:27.802" level="INFO">Slept 5 seconds</msg>
<status status="PASS" starttime="20230218 17:21:22.802" endtime="20230218 17:21:27.802"/>
</kw>
<kw name="Click Button" library="SeleniumLibrary">
<arg>xpath=//*[@id="app"]/div[1]/div/div[1]/div/div[2]/div[2]/form/div[3]/button</arg>
<doc>Clicks the button identified by ``locator``.</doc>
<msg timestamp="20230218 17:21:27.802" level="INFO">Clicking button 'xpath=//*[@id="app"]/div[1]/div/div[1]/div/div[2]/div[2]/form/div[3]/button'.</msg>
<status status="PASS" starttime="20230218 17:21:27.802" endtime="20230218 17:21:30.785"/>
</kw>
<kw name="Sleep" library="BuiltIn">
<arg>5s</arg>
<doc>Pauses the test executed for the given time.</doc>
<msg timestamp="20230218 17:21:35.785" level="INFO">Slept 5 seconds</msg>
<status status="PASS" starttime="20230218 17:21:30.785" endtime="20230218 17:21:35.785"/>
</kw>
<if>
<branch type="IF" condition="&quot;${Password}&quot; == &quot;admin123&quot;">
<kw name="Location Should Be" library="SeleniumLibrary">
<arg>https://opensource-demo.orangehrmlive.com/web/index.php/dashboard/index</arg>
<doc>Verifies that the current URL is exactly ``url``.</doc>
<msg timestamp="20230218 17:21:35.791" level="INFO">Current location is 'https://opensource-demo.orangehrmlive.com/web/index.php/dashboard/index'.</msg>
<status status="PASS" starttime="20230218 17:21:35.785" endtime="20230218 17:21:35.791"/>
</kw>
<status status="PASS" starttime="20230218 17:21:35.785" endtime="20230218 17:21:35.791"/>
</branch>
<branch type="ELSE">
<kw name="Location Should Be" library="SeleniumLibrary">
<arg>https://opensource-demo.orangehrmlive.com/web/index.php/auth/login</arg>
<doc>Verifies that the current URL is exactly ``url``.</doc>
<status status="NOT RUN" starttime="20230218 17:21:35.791" endtime="20230218 17:21:35.791"/>
</kw>
<status status="NOT RUN" starttime="20230218 17:21:35.791" endtime="20230218 17:21:35.791"/>
</branch>
<status status="PASS" starttime="20230218 17:21:35.785" endtime="20230218 17:21:35.791"/>
</if>
<status status="PASS" starttime="20230218 17:20:56.663" endtime="20230218 17:21:35.792"/>
</kw>
<status status="PASS" starttime="20230218 17:20:56.662" endtime="20230218 17:21:35.792"/>
</test>
<test id="s1-t2" name="2" line="11">
<kw name="LoginTest">
<arg>Admin</arg>
<arg>admin1234</arg>
<kw name="Open Browser" library="SeleniumLibrary">
<arg>${URL}</arg>
<arg>Chrome</arg>
<doc>Opens a new browser instance to the optional ``url``.</doc>
<msg timestamp="20230218 17:21:35.796" level="INFO">Opening browser 'Chrome' to base url 'https://opensource-demo.orangehrmlive.com/web/index.php/auth/login'.</msg>
<status status="PASS" starttime="20230218 17:21:35.795" endtime="20230218 17:22:39.690"/>
</kw>
<kw name="Maximize Browser Window" library="SeleniumLibrary">
<doc>Maximizes current browser window.</doc>
<status status="PASS" starttime="20230218 17:22:39.690" endtime="20230218 17:22:39.694"/>
</kw>
<kw name="Sleep" library="BuiltIn">
<arg>5s</arg>
<doc>Pauses the test executed for the given time.</doc>
<msg timestamp="20230218 17:22:44.695" level="INFO">Slept 5 seconds</msg>
<status status="PASS" starttime="20230218 17:22:39.694" endtime="20230218 17:22:44.695"/>
</kw>
<kw name="Input Text" library="SeleniumLibrary">
<arg>name=username</arg>
<arg>${Username}</arg>
<doc>Types the given ``text`` into the text field identified by ``locator``.</doc>
<msg timestamp="20230218 17:22:44.696" level="INFO">Typing text 'Admin' into text field 'name=username'.</msg>
<status status="PASS" starttime="20230218 17:22:44.696" endtime="20230218 17:22:44.760"/>
</kw>
<kw name="Sleep" library="BuiltIn">
<arg>5s</arg>
<doc>Pauses the test executed for the given time.</doc>
<msg timestamp="20230218 17:22:49.761" level="INFO">Slept 5 seconds</msg>
<status status="PASS" starttime="20230218 17:22:44.761" endtime="20230218 17:22:49.761"/>
</kw>
<kw name="Input Text" library="SeleniumLibrary">
<arg>name=password</arg>
<arg>${Password}</arg>
<doc>Types the given ``text`` into the text field identified by ``locator``.</doc>
<msg timestamp="20230218 17:22:49.762" level="INFO">Typing text 'admin1234' into text field 'name=password'.</msg>
<status status="PASS" starttime="20230218 17:22:49.761" endtime="20230218 17:22:49.846"/>
</kw>
<kw name="Sleep" library="BuiltIn">
<arg>5s</arg>
<doc>Pauses the test executed for the given time.</doc>
<msg timestamp="20230218 17:22:54.847" level="INFO">Slept 5 seconds</msg>
<status status="PASS" starttime="20230218 17:22:49.846" endtime="20230218 17:22:54.847"/>
</kw>
<kw name="Click Button" library="SeleniumLibrary">
<arg>xpath=//*[@id="app"]/div[1]/div/div[1]/div/div[2]/div[2]/form/div[3]/button</arg>
<doc>Clicks the button identified by ``locator``.</doc>
<msg timestamp="20230218 17:22:54.848" level="INFO">Clicking button 'xpath=//*[@id="app"]/div[1]/div/div[1]/div/div[2]/div[2]/form/div[3]/button'.</msg>
<status status="PASS" starttime="20230218 17:22:54.847" endtime="20230218 17:22:55.969"/>
</kw>
<kw name="Sleep" library="BuiltIn">
<arg>5s</arg>
<doc>Pauses the test executed for the given time.</doc>
<msg timestamp="20230218 17:23:00.969" level="INFO">Slept 5 seconds</msg>
<status status="PASS" starttime="20230218 17:22:55.969" endtime="20230218 17:23:00.969"/>
</kw>
<if>
<branch type="IF" condition="&quot;${Password}&quot; == &quot;admin123&quot;">
<kw name="Location Should Be" library="SeleniumLibrary">
<arg>https://opensource-demo.orangehrmlive.com/web/index.php/dashboard/index</arg>
<doc>Verifies that the current URL is exactly ``url``.</doc>
<status status="NOT RUN" starttime="20230218 17:23:00.969" endtime="20230218 17:23:00.969"/>
</kw>
<status status="NOT RUN" starttime="20230218 17:23:00.969" endtime="20230218 17:23:00.969"/>
</branch>
<branch type="ELSE">
<kw name="Location Should Be" library="SeleniumLibrary">
<arg>https://opensource-demo.orangehrmlive.com/web/index.php/auth/login</arg>
<doc>Verifies that the current URL is exactly ``url``.</doc>
<msg timestamp="20230218 17:23:00.974" level="INFO">Current location is 'https://opensource-demo.orangehrmlive.com/web/index.php/auth/login'.</msg>
<status status="PASS" starttime="20230218 17:23:00.969" endtime="20230218 17:23:00.975"/>
</kw>
<status status="PASS" starttime="20230218 17:23:00.969" endtime="20230218 17:23:00.975"/>
</branch>
<status status="PASS" starttime="20230218 17:23:00.969" endtime="20230218 17:23:00.975"/>
</if>
<status status="PASS" starttime="20230218 17:21:35.794" endtime="20230218 17:23:00.975"/>
</kw>
<status status="PASS" starttime="20230218 17:21:35.794" endtime="20230218 17:23:00.975"/>
</test>
<status status="PASS" starttime="20230218 17:20:56.475" endtime="20230218 17:23:00.976"/>
</suite>
<statistics>
<total>
<stat pass="2" fail="0" skip="0">All Tests</stat>
</total>
<tag>
</tag>
<suite>
<stat pass="2" fail="0" skip="0" id="s1" name="Test">Test</stat>
</suite>
</statistics>
<errors>
</errors>
</robot>
